Arguments: 
  /Users/poetry/.nvm/versions/node/v9.10.0/bin/node /usr/local/bin/yarn dev run dev:weapp

PATH: 
  /Users/poetry/.nvm/versions/node/v9.10.0/bin:/Library/Frameworks/Python.framework/Versions/3.6/bin:/usr/local/bin:/usr/bin:/bin:/usr/sbin:/sbin

Yarn version: 
  1.5.1

Node version: 
  9.10.0

Platform: 
  darwin x64

npm manifest: 
  {
    "name": "taroDemo",
    "version": "1.0.0",
    "private": true,
    "description": "a simple taro demo",
    "main": "index.js",
    "scripts": {
      "build:weapp": "taro build --type weapp",
      "build:h5": "taro build --type h5",
      "dev:weapp": "npm run build:weapp -- --watch",
      "dev:h5": "npm run build:h5 -- --watch",
      "test": "echo \"Error: no test specified\" && exit 1"
    },
    "author": "",
    "license": "MIT",
    "dependencies": {
      "@tarojs/async-await": "^1.0.0-beta.22",
      "@tarojs/components": "^1.0.0-beta.22",
      "@tarojs/redux": "^1.0.0-beta.22",
      "@tarojs/redux-h5": "^1.0.0-beta.22",
      "@tarojs/router": "^1.0.0-beta.22",
      "@tarojs/taro": "^1.0.0-beta.22",
      "@tarojs/taro-h5": "^1.0.0-beta.22",
      "@tarojs/taro-weapp": "^1.0.0-beta.22",
      "nervjs": "^1.3.0",
      "redux": "^4.0.0",
      "redux-logger": "^3.0.6",
      "redux-thunk": "^2.3.0"
    },
    "devDependencies": {
      "@types/react": "^16.4.8",
      "@types/webpack-env": "^1.13.6",
      "@tarojs/cli": "^1.0.0-beta.22",
      "@tarojs/plugin-babel": "^1.0.0-beta.22",
      "@tarojs/plugin-csso": "^1.0.0-beta.22",
      "@tarojs/plugin-sass": "^1.0.0-beta.22",
      "@tarojs/plugin-uglifyjs": "^1.0.0-beta.22",
      "@tarojs/webpack-runner": "^1.0.0-beta.22",
      "babel-plugin-transform-class-properties": "^6.24.1",
      "babel-plugin-transform-decorators-legacy": "^1.3.4",
      "babel-plugin-transform-jsx-stylesheet": "^0.6.5",
      "babel-plugin-transform-object-rest-spread": "^6.26.0",
      "babel-preset-env": "^1.6.1",
      "babel-eslint": "^8.2.3",
      "eslint": "^4.19.1",
      "eslint-config-taro": "^1.0.0-beta.22",
      "eslint-plugin-react": "^7.8.2",
      "eslint-plugin-import": "^2.12.0",
      "eslint-plugin-taro": "^1.0.0-beta.22"
    }
  }

yarn manifest: 
  No manifest

Lockfile: 
  No lockfile

Trace: 
  Error: Command "dev" not found.
      at new MessageError (/usr/local/lib/node_modules/yarn/lib/cli.js:186:110)
      at /usr/local/lib/node_modules/yarn/lib/cli.js:87307:17
      at Generator.next (<anonymous>)
      at step (/usr/local/lib/node_modules/yarn/lib/cli.js:98:30)
      at /usr/local/lib/node_modules/yarn/lib/cli.js:116:14
      at new Promise (<anonymous>)
      at new F (/usr/local/lib/node_modules/yarn/lib/cli.js:23451:28)
      at /usr/local/lib/node_modules/yarn/lib/cli.js:95:12
      at runCommand (/usr/local/lib/node_modules/yarn/lib/cli.js:87312:22)
      at Object.<anonymous> (/usr/local/lib/node_modules/yarn/lib/cli.js:87412:14)
